<?xml version="1.0" encoding="UTF-8"?>
<testsuite name="As an administrator" tests="3" skipped="0" failures="0" errors="0" timestamp="2025-01-16T18:30:35" hostname="MacBook-Air-de-Carolina.local" time="1.048">
  <properties/>
  <testcase name="Successfully sending a request to create a new pet" classname="As an administrator" time="0.986"/>
  <testcase name="Successfully sending a request to modify a  pet #1" classname="As an administrator" time="0.039"/>
  <testcase name="Successfully sending a request to modify a  pet #2" classname="As an administrator" time="0.023"/>
  <system-out><![CDATA[
@petCreated
Scenario: Successfully sending a request to create a new pet ?[90m# src/test/resources/features/Pet.feature:8?[0m
Request method:	POST
Request URI:	http://localhost:8080/api/v3/pet
Proxy:			<none>
Request params:	<none>
Query params:	<none>
Form params:	<none>
Path params:	<none>
Headers:		Accept=*/*
				Content-Type=application/json; charset=UTF-8
Cookies:		<none>
Multiparts:		<none>
Body:
[123, 10, 32, 32, 34, 105, 100, 34, 58, 32, 49, 49, 44, 10, 32, 32, 34, 110, 97, 109, 101, 34, 58, 32, 34, 100, 111, 103, 103, 105, 101, 34, 44, 10, 32, 32, 34, 99, 97, 116, 101, 103, 111, 114, 121, 34, 58, 32, 123, 10, 32, 32, 32, 32, 34, 105, 100, 34, 58, 32, 49, 44, 10, 32, 32, 32, 32, 34, 110, 97, 109, 101, 34, 58, 32, 34, 68, 111, 103, 115, 34, 10, 32, 32, 125, 44, 10, 32, 32, 34, 112, 104, 111, 116, 111, 85, 114, 108, 115, 34, 58, 32, 91, 10, 32, 32, 32, 32, 34, 115, 116, 114, 105, 110, 103, 34, 10, 32, 32, 93, 44, 10, 32, 32, 34, 116, 97, 103, 115, 34, 58, 32, 91, 10, 32, 32, 32, 32, 123, 10, 32, 32, 32, 32, 32, 32, 34, 105, 100, 34, 58, 32, 48, 44, 10, 32, 32, 32, 32, 32, 32, 34, 110, 97, 109, 101, 34, 58, 32, 34, 115, 116, 114, 105, 110, 103, 34, 10, 32, 32, 32, 32, 125, 10, 32, 32, 93, 44, 10, 32, 32, 34, 115, 116, 97, 116, 117, 115, 34, 58, 32, 34, 97, 118, 97, 105, 108, 97, 98, 108, 101, 34, 10, 125]
HTTP/1.1 200 OK
Date: Thu, 16 Jan 2025 18:30:36 GMT
Access-Control-Allow-Origin: *
Access-Control-Allow-Methods: GET, POST, DELETE, PUT
Access-Control-Allow-Headers: Content-Type, api_key, Authorization
Access-Control-Expose-Headers: Content-Disposition
Content-Type: application/json
Content-Length: 137
Server: Jetty(9.4.53.v20231009)

{
    "id": 11,
    "category": {
        "id": 1,
        "name": "Dogs"
    },
    "name": "doggie",
    "photoUrls": [
        "string"
    ],
    "tags": [
        {
            "id": 0,
            "name": "string"
        }
    ],
    "status": "available"
}
  ?[32mWhen ?[0m?[32mthe administrator sends a request to create a new pet?[0m ?[90m# stepdefinitions.PetsStepDefinition.theAdministratorSendsARequestToCreateANewPet()?[0m
HTTP/1.1 200 OK
Date: Thu, 16 Jan 2025 18:30:36 GMT
Access-Control-Allow-Origin: *
Access-Control-Allow-Methods: GET, POST, DELETE, PUT
Access-Control-Allow-Headers: Content-Type, api_key, Authorization
Access-Control-Expose-Headers: Content-Disposition
Content-Type: application/json
Content-Length: 137
Server: Jetty(9.4.53.v20231009)

{
    "id": 11,
    "category": {
        "id": 1,
        "name": "Dogs"
    },
    "name": "doggie",
    "photoUrls": [
        "string"
    ],
    "tags": [
        {
            "id": 0,
            "name": "string"
        }
    ],
    "status": "available"
}
  ?[32mThen ?[0m?[32mthe response status code should be success?[0m            ?[90m# stepdefinitions.UsersStepDefinition.theResponseStatusCodeShouldBeSuccess()?[0m

@petModified
Scenario: Successfully sending a request to modify a  pet ?[90m# src/test/resources/features/Pet.feature:14?[0m
Request method:	PUT
Request URI:	http://localhost:8080/api/v3/pet
Proxy:			<none>
Request params:	<none>
Query params:	<none>
Form params:	<none>
Path params:	<none>
Headers:		Accept=*/*
				Content-Type=application/json; charset=UTF-8
Cookies:		<none>
Multiparts:		<none>
Body:
{
    "id": 11,
    "name": "coco",
    "category": {
        "id": 1,
        "name": "Dogs"
    },
    "photoUrls": [
        "string"
    ],
    "tags": [
        {
            "id": 0,
            "name": "string"
        }
    ],
    "status": "available"
}
HTTP/1.1 200 OK
Date: Thu, 16 Jan 2025 18:30:36 GMT
Access-Control-Allow-Origin: *
Access-Control-Allow-Methods: GET, POST, DELETE, PUT
Access-Control-Allow-Headers: Content-Type, api_key, Authorization
Access-Control-Expose-Headers: Content-Disposition
Content-Type: application/json
Content-Length: 135
Server: Jetty(9.4.53.v20231009)

{
    "id": 11,
    "category": {
        "id": 1,
        "name": "Dogs"
    },
    "name": "coco",
    "photoUrls": [
        "string"
    ],
    "tags": [
        {
            "id": 0,
            "name": "string"
        }
    ],
    "status": "available"
}
  ?[32mWhen ?[0m?[32mthe administrator sends a request to modify pet?[0m    ?[90m# stepdefinitions.PetsStepDefinition.theAdministratorSendsARequestToModifyPet()?[0m
HTTP/1.1 200 OK
Date: Thu, 16 Jan 2025 18:30:36 GMT
Access-Control-Allow-Origin: *
Access-Control-Allow-Methods: GET, POST, DELETE, PUT
Access-Control-Allow-Headers: Content-Type, api_key, Authorization
Access-Control-Expose-Headers: Content-Disposition
Content-Type: application/json
Content-Length: 135
Server: Jetty(9.4.53.v20231009)

{
    "id": 11,
    "category": {
        "id": 1,
        "name": "Dogs"
    },
    "name": "coco",
    "photoUrls": [
        "string"
    ],
    "tags": [
        {
            "id": 0,
            "name": "string"
        }
    ],
    "status": "available"
}
  ?[32mThen ?[0m?[32mthe response status code should be success?[0m         ?[90m# stepdefinitions.UsersStepDefinition.theResponseStatusCodeShouldBeSuccess()?[0m

@InvalidModification
Scenario: Successfully sending a request to modify a  pet      ?[90m# src/test/resources/features/Pet.feature:19?[0m
Request method:	PUT
Request URI:	http://localhost:8080/api/v3/pet
Proxy:			<none>
Request params:	<none>
Query params:	<none>
Form params:	<none>
Path params:	<none>
Headers:		Accept=*/*
				Content-Type=application/json; charset=UTF-8
Cookies:		<none>
Multiparts:		<none>
Body:
{
    "id": true,
    "name": "coco",
    "category": {
        "id": 1,
        "name": "Dogs"
    },
    "photoUrls": [
        "string"
    ],
    "tags": [
        {
            "id": 0,
            "name": "string"
        }
    ],
    "status": "available"
}
HTTP/1.1 400 Bad Request
Date: Thu, 16 Jan 2025 18:30:36 GMT
Access-Control-Allow-Origin: *
Access-Control-Allow-Methods: GET, POST, DELETE, PUT
Access-Control-Allow-Headers: Content-Type, api_key, Authorization
Access-Control-Expose-Headers: Content-Disposition
Content-Type: application/json
Content-Length: 94
Server: Jetty(9.4.53.v20231009)

{
    "code": 400,
    "message": "Input error: unable to convert input to io.swagger.petstore.model.Pet"
}
  ?[32mWhen ?[0m?[32mthe administrator sends a request to modify pet invalid?[0m ?[90m# stepdefinitions.PetsStepDefinition.theAdministratorSendsARequestToModifyPetInvalid()?[0m
HTTP/1.1 400 Bad Request
Date: Thu, 16 Jan 2025 18:30:36 GMT
Access-Control-Allow-Origin: *
Access-Control-Allow-Methods: GET, POST, DELETE, PUT
Access-Control-Allow-Headers: Content-Type, api_key, Authorization
Access-Control-Expose-Headers: Content-Disposition
Content-Type: application/json
Content-Length: 94
Server: Jetty(9.4.53.v20231009)

{
    "code": 400,
    "message": "Input error: unable to convert input to io.swagger.petstore.model.Pet"
}
  ?[32mThen ?[0m?[32mthe response status code should be a error?[0m              ?[90m# stepdefinitions.PetsStepDefinition.theResponseStatusCodeShouldBeAError()?[0m
]]></system-out>
  <system-err><![CDATA[[Test worker] INFO io.cucumber.core.plugin.SerenityReporter - Running feature from file:///Users/carolinasabogal/Downloads/PruebaVisa/src/test/resources/features/Pet.feature
[Test worker] INFO  - 
 _____ _____ ____ _____   ____ _____  _    ____ _____ _____ ____  
|_   _| ____/ ___|_   _| / ___|_   _|/ \  |  _ \_   _| ____|  _ \ 
  | | |  _| \___ \ | |   \___ \ | | / _ \ | |_) || | |  _| | | | |
  | | | |___ ___) || |    ___) || |/ ___ \|  _ < | | | |___| |_| |
  |_| |_____|____/ |_|   |____/ |_/_/   \_\_| \_\|_| |_____|____/ 

Successfully sending a request to create a new pet(as-an-administrator;successfully-sending-a-request-to-create-a-new-pet)
-------------------------------------------------------------------
[Test worker] INFO  - 
        __    _____ _____ ____ _____   ____   _    ____  ____  _____ ____  
  _     \ \  |_   _| ____/ ___|_   _| |  _ \ / \  / ___|/ ___|| ____|  _ \ 
 (_)_____| |   | | |  _| \___ \ | |   | |_) / _ \ \___ \\___ \|  _| | | | |
  _|_____| |   | | | |___ ___) || |   |  __/ ___ \ ___) |___) | |___| |_| |
 (_)     | |   |_| |_____|____/ |_|   |_| /_/   \_\____/|____/|_____|____/ 
        /_/                                                                

Successfully sending a request to create a new pet
----------------------------------------------------------------------------
[Test worker] INFO io.cucumber.core.plugin.SerenityReporter - Running feature from file:///Users/carolinasabogal/Downloads/PruebaVisa/src/test/resources/features/Pet.feature
[Test worker] INFO  - 
 _____ _____ ____ _____   ____ _____  _    ____ _____ _____ ____  
|_   _| ____/ ___|_   _| / ___|_   _|/ \  |  _ \_   _| ____|  _ \ 
  | | |  _| \___ \ | |   \___ \ | | / _ \ | |_) || | |  _| | | | |
  | | | |___ ___) || |    ___) || |/ ___ \|  _ < | | | |___| |_| |
  |_| |_____|____/ |_|   |____/ |_/_/   \_\_| \_\|_| |_____|____/ 

Successfully sending a request to modify a  pet(as-an-administrator;successfully-sending-a-request-to-modify-a--pet)
-------------------------------------------------------------------
[Test worker] INFO  - 
        __    _____ _____ ____ _____   ____   _    ____  ____  _____ ____  
  _     \ \  |_   _| ____/ ___|_   _| |  _ \ / \  / ___|/ ___|| ____|  _ \ 
 (_)_____| |   | | |  _| \___ \ | |   | |_) / _ \ \___ \\___ \|  _| | | | |
  _|_____| |   | | | |___ ___) || |   |  __/ ___ \ ___) |___) | |___| |_| |
 (_)     | |   |_| |_____|____/ |_|   |_| /_/   \_\____/|____/|_____|____/ 
        /_/                                                                

Successfully sending a request to modify a  pet
----------------------------------------------------------------------------
[Test worker] INFO io.cucumber.core.plugin.SerenityReporter - Running feature from file:///Users/carolinasabogal/Downloads/PruebaVisa/src/test/resources/features/Pet.feature
[Test worker] INFO  - 
        __    _____ _____ ____ _____   ____   _    ____  ____  _____ ____  
  _     \ \  |_   _| ____/ ___|_   _| |  _ \ / \  / ___|/ ___|| ____|  _ \ 
 (_)_____| |   | | |  _| \___ \ | |   | |_) / _ \ \___ \\___ \|  _| | | | |
  _|_____| |   | | | |___ ___) || |   |  __/ ___ \ ___) |___) | |___| |_| |
 (_)     | |   |_| |_____|____/ |_|   |_| /_/   \_\____/|____/|_____|____/ 
        /_/                                                                

Successfully sending a request to modify a  pet
----------------------------------------------------------------------------
]]></system-err>
</testsuite>
